<?xml version="1.0" encoding="UTF-8"?>
<testng-results skipped="0" failed="1" ignored="0" total="6" passed="5">
  <reporter-output>
  </reporter-output>
  <suite name="AllTests" duration-ms="92942" started-at="2021-09-03T09:17:10 PKT" finished-at="2021-09-03T09:18:43 PKT">
    <groups>
    </groups>
    <test name="RegressionTests" duration-ms="92942" started-at="2021-09-03T09:17:10 PKT" finished-at="2021-09-03T09:18:43 PKT">
      <class name="com.techesthete.demo.RegressionTests">
        <test-method status="PASS" signature="setup()[pri:0, instance:com.techesthete.demo.RegressionTests@74650e52]" name="setup" is-config="true" duration-ms="4301" started-at="2021-09-03T09:17:11 PKT" finished-at="2021-09-03T09:17:15 PKT">
          <reporter-output>
          </reporter-output>
        </test-method> <!-- setup -->
        <test-method status="PASS" signature="cursorOnEmailFieldTest()[pri:0, instance:com.techesthete.demo.RegressionTests@74650e52]" name="cursorOnEmailFieldTest" duration-ms="85" started-at="2021-09-03T09:17:15 PKT" finished-at="2021-09-03T09:17:15 PKT">
          <reporter-output>
          </reporter-output>
        </test-method> <!-- cursorOnEmailFieldTest -->
        <test-method status="PASS" signature="tearDown()[pri:0, instance:com.techesthete.demo.RegressionTests@74650e52]" name="tearDown" is-config="true" duration-ms="3796" started-at="2021-09-03T09:17:15 PKT" finished-at="2021-09-03T09:17:19 PKT">
          <reporter-output>
          </reporter-output>
        </test-method> <!-- tearDown -->
        <test-method status="PASS" signature="setup()[pri:0, instance:com.techesthete.demo.RegressionTests@74650e52]" name="setup" is-config="true" duration-ms="3444" started-at="2021-09-03T09:17:19 PKT" finished-at="2021-09-03T09:17:22 PKT">
          <reporter-output>
          </reporter-output>
        </test-method> <!-- setup -->
        <test-method status="PASS" signature="enterKeyOnLoginTest()[pri:0, instance:com.techesthete.demo.RegressionTests@74650e52]" name="enterKeyOnLoginTest" duration-ms="5373" started-at="2021-09-03T09:17:22 PKT" finished-at="2021-09-03T09:17:28 PKT">
          <reporter-output>
          </reporter-output>
        </test-method> <!-- enterKeyOnLoginTest -->
        <test-method status="PASS" signature="tearDown()[pri:0, instance:com.techesthete.demo.RegressionTests@74650e52]" name="tearDown" is-config="true" duration-ms="3982" started-at="2021-09-03T09:17:28 PKT" finished-at="2021-09-03T09:17:32 PKT">
          <reporter-output>
          </reporter-output>
        </test-method> <!-- tearDown -->
        <test-method status="PASS" signature="setup()[pri:0, instance:com.techesthete.demo.RegressionTests@74650e52]" name="setup" is-config="true" duration-ms="3468" started-at="2021-09-03T09:17:32 PKT" finished-at="2021-09-03T09:17:35 PKT">
          <reporter-output>
          </reporter-output>
        </test-method> <!-- setup -->
        <test-method status="PASS" signature="forgotPasswordTest()[pri:0, instance:com.techesthete.demo.RegressionTests@74650e52]" name="forgotPasswordTest" duration-ms="1548" started-at="2021-09-03T09:17:35 PKT" finished-at="2021-09-03T09:17:37 PKT">
          <reporter-output>
          </reporter-output>
        </test-method> <!-- forgotPasswordTest -->
        <test-method status="PASS" signature="tearDown()[pri:0, instance:com.techesthete.demo.RegressionTests@74650e52]" name="tearDown" is-config="true" duration-ms="3812" started-at="2021-09-03T09:17:37 PKT" finished-at="2021-09-03T09:17:40 PKT">
          <reporter-output>
          </reporter-output>
        </test-method> <!-- tearDown -->
        <test-method status="PASS" signature="setup()[pri:0, instance:com.techesthete.demo.RegressionTests@74650e52]" name="setup" is-config="true" duration-ms="3589" started-at="2021-09-03T09:17:40 PKT" finished-at="2021-09-03T09:17:44 PKT">
          <reporter-output>
          </reporter-output>
        </test-method> <!-- setup -->
        <test-method status="PASS" signature="incorrectPasswordTest()[pri:0, instance:com.techesthete.demo.RegressionTests@74650e52]" name="incorrectPasswordTest" duration-ms="3817" started-at="2021-09-03T09:17:44 PKT" finished-at="2021-09-03T09:17:48 PKT">
          <reporter-output>
          </reporter-output>
        </test-method> <!-- incorrectPasswordTest -->
        <test-method status="PASS" signature="tearDown()[pri:0, instance:com.techesthete.demo.RegressionTests@74650e52]" name="tearDown" is-config="true" duration-ms="3794" started-at="2021-09-03T09:17:48 PKT" finished-at="2021-09-03T09:17:52 PKT">
          <reporter-output>
          </reporter-output>
        </test-method> <!-- tearDown -->
        <test-method status="PASS" signature="setup()[pri:0, instance:com.techesthete.demo.RegressionTests@74650e52]" name="setup" is-config="true" duration-ms="4374" started-at="2021-09-03T09:17:52 PKT" finished-at="2021-09-03T09:17:56 PKT">
          <reporter-output>
          </reporter-output>
        </test-method> <!-- setup -->
        <test-method status="FAIL" signature="incorrectUsernameTest()[pri:0, instance:com.techesthete.demo.RegressionTests@74650e52]" name="incorrectUsernameTest" duration-ms="31247" started-at="2021-09-03T09:17:56 PKT" finished-at="2021-09-03T09:18:27 PKT">
          <exception class="org.openqa.selenium.NoSuchElementException">
            <message>
              <![CDATA[no such element: Unable to locate element: {"method":"css selector","selector":"._9ay7"}
  (Session info: chrome=92.0.4515.159)
For documentation on this error, please visit: https://www.seleniumhq.org/exceptions/no_such_element.html
Build info: version: '3.141.59', revision: 'e82be7d358', time: '2018-11-14T08:17:03'
System info: host: 'DESKTOP-194B9SN', ip: '192.168.56.1', os.name: 'Windows 10', os.arch: 'amd64', os.version: '10.0', java.version: '1.8.0_111'
Driver info: org.openqa.selenium.chrome.ChromeDriver
Capabilities {acceptInsecureCerts: false, browserName: chrome, browserVersion: 92.0.4515.159, chrome: {chromedriverVersion: 92.0.4515.107 (87a818b10553..., userDataDir: C:\Users\singal\AppData\Loc...}, goog:chromeOptions: {debuggerAddress: localhost:1083}, javascriptEnabled: true, networkConnectionEnabled: false, pageLoadStrategy: normal, platform: WINDOWS, platformName: WINDOWS, proxy: Proxy(), setWindowRect: true, strictFileInteractability: false, timeouts: {implicit: 0, pageLoad: 300000, script: 30000}, unhandledPromptBehavior: dismiss and notify, webauthn:extension:credBlob: true, webauthn:extension:largeBlob: true, webauthn:virtualAuthenticators: true}
Session ID: 163315fd5fb472bfcaf5bdbc77c17030
*** Element info: {Using=css selector, value=._9ay7}]]>
            </message>
            <full-stacktrace>
              <![CDATA[org.openqa.selenium.NoSuchElementException: no such element: Unable to locate element: {"method":"css selector","selector":"._9ay7"}
  (Session info: chrome=92.0.4515.159)
For documentation on this error, please visit: https://www.seleniumhq.org/exceptions/no_such_element.html
Build info: version: '3.141.59', revision: 'e82be7d358', time: '2018-11-14T08:17:03'
System info: host: 'DESKTOP-194B9SN', ip: '192.168.56.1', os.name: 'Windows 10', os.arch: 'amd64', os.version: '10.0', java.version: '1.8.0_111'
Driver info: org.openqa.selenium.chrome.ChromeDriver
Capabilities {acceptInsecureCerts: false, browserName: chrome, browserVersion: 92.0.4515.159, chrome: {chromedriverVersion: 92.0.4515.107 (87a818b10553..., userDataDir: C:\Users\singal\AppData\Loc...}, goog:chromeOptions: {debuggerAddress: localhost:1083}, javascriptEnabled: true, networkConnectionEnabled: false, pageLoadStrategy: normal, platform: WINDOWS, platformName: WINDOWS, proxy: Proxy(), setWindowRect: true, strictFileInteractability: false, timeouts: {implicit: 0, pageLoad: 300000, script: 30000}, unhandledPromptBehavior: dismiss and notify, webauthn:extension:credBlob: true, webauthn:extension:largeBlob: true, webauthn:virtualAuthenticators: true}
Session ID: 163315fd5fb472bfcaf5bdbc77c17030
*** Element info: {Using=css selector, value=._9ay7}
at sun.reflect.NativeConstructorAccessorImpl.newInstance0(Native Method)
at sun.reflect.NativeConstructorAccessorImpl.newInstance(NativeConstructorAccessorImpl.java:62)
at sun.reflect.DelegatingConstructorAccessorImpl.newInstance(DelegatingConstructorAccessorImpl.java:45)
at java.lang.reflect.Constructor.newInstance(Constructor.java:423)
at org.openqa.selenium.remote.http.W3CHttpResponseCodec.createException(W3CHttpResponseCodec.java:187)
at org.openqa.selenium.remote.http.W3CHttpResponseCodec.decode(W3CHttpResponseCodec.java:122)
at org.openqa.selenium.remote.http.W3CHttpResponseCodec.decode(W3CHttpResponseCodec.java:49)
at org.openqa.selenium.remote.HttpCommandExecutor.execute(HttpCommandExecutor.java:158)
at org.openqa.selenium.remote.service.DriverCommandExecutor.execute(DriverCommandExecutor.java:83)
at org.openqa.selenium.remote.RemoteWebDriver.execute(RemoteWebDriver.java:552)
at org.openqa.selenium.remote.RemoteWebDriver.findElement(RemoteWebDriver.java:323)
at org.openqa.selenium.remote.RemoteWebDriver.findElementByCssSelector(RemoteWebDriver.java:420)
at org.openqa.selenium.By$ByCssSelector.findElement(By.java:431)
at org.openqa.selenium.remote.RemoteWebDriver.findElement(RemoteWebDriver.java:315)
at com.techesthete.demo.RegressionTests.incorrectUsernameTest(RegressionTests.java:94)
at sun.reflect.NativeMethodAccessorImpl.invoke0(Native Method)
at sun.reflect.NativeMethodAccessorImpl.invoke(NativeMethodAccessorImpl.java:62)
at sun.reflect.DelegatingMethodAccessorImpl.invoke(DelegatingMethodAccessorImpl.java:43)
at java.lang.reflect.Method.invoke(Method.java:498)
at org.testng.internal.MethodInvocationHelper.invokeMethod(MethodInvocationHelper.java:133)
at org.testng.internal.TestInvoker.invokeMethod(TestInvoker.java:598)
at org.testng.internal.TestInvoker.invokeTestMethod(TestInvoker.java:173)
at org.testng.internal.MethodRunner.runInSequence(MethodRunner.java:46)
at org.testng.internal.TestInvoker$MethodInvocationAgent.invoke(TestInvoker.java:824)
at org.testng.internal.TestInvoker.invokeTestMethods(TestInvoker.java:146)
at org.testng.internal.TestMethodWorker.invokeTestMethods(TestMethodWorker.java:146)
at org.testng.internal.TestMethodWorker.run(TestMethodWorker.java:128)
at java.util.ArrayList.forEach(ArrayList.java:1249)
at org.testng.TestRunner.privateRun(TestRunner.java:794)
at org.testng.TestRunner.run(TestRunner.java:596)
at org.testng.SuiteRunner.runTest(SuiteRunner.java:377)
at org.testng.SuiteRunner.runSequentially(SuiteRunner.java:371)
at org.testng.SuiteRunner.privateRun(SuiteRunner.java:332)
at org.testng.SuiteRunner.run(SuiteRunner.java:276)
at org.testng.SuiteRunnerWorker.runSuite(SuiteRunnerWorker.java:53)
at org.testng.SuiteRunnerWorker.run(SuiteRunnerWorker.java:96)
at org.testng.TestNG.runSuitesSequentially(TestNG.java:1212)
at org.testng.TestNG.runSuitesLocally(TestNG.java:1134)
at org.testng.TestNG.runSuites(TestNG.java:1063)
at org.testng.TestNG.run(TestNG.java:1031)
at org.testng.remote.AbstractRemoteTestNG.run(AbstractRemoteTestNG.java:115)
at org.testng.remote.RemoteTestNG.initAndRun(RemoteTestNG.java:251)
at org.testng.remote.RemoteTestNG.main(RemoteTestNG.java:77)
]]>
            </full-stacktrace>
          </exception> <!-- org.openqa.selenium.NoSuchElementException -->
          <reporter-output>
          </reporter-output>
        </test-method> <!-- incorrectUsernameTest -->
        <test-method status="PASS" signature="tearDown()[pri:0, instance:com.techesthete.demo.RegressionTests@74650e52]" name="tearDown" is-config="true" duration-ms="3874" started-at="2021-09-03T09:18:27 PKT" finished-at="2021-09-03T09:18:31 PKT">
          <reporter-output>
          </reporter-output>
        </test-method> <!-- tearDown -->
        <test-method status="PASS" signature="setup()[pri:0, instance:com.techesthete.demo.RegressionTests@74650e52]" name="setup" is-config="true" duration-ms="3563" started-at="2021-09-03T09:18:31 PKT" finished-at="2021-09-03T09:18:35 PKT">
          <reporter-output>
          </reporter-output>
        </test-method> <!-- setup -->
        <test-method status="PASS" signature="loginTest()[pri:0, instance:com.techesthete.demo.RegressionTests@74650e52]" name="loginTest" duration-ms="4528" started-at="2021-09-03T09:18:35 PKT" finished-at="2021-09-03T09:18:39 PKT">
          <reporter-output>
          </reporter-output>
        </test-method> <!-- loginTest -->
        <test-method status="PASS" signature="tearDown()[pri:0, instance:com.techesthete.demo.RegressionTests@74650e52]" name="tearDown" is-config="true" duration-ms="4260" started-at="2021-09-03T09:18:39 PKT" finished-at="2021-09-03T09:18:43 PKT">
          <reporter-output>
          </reporter-output>
        </test-method> <!-- tearDown -->
      </class> <!-- com.techesthete.demo.RegressionTests -->
    </test> <!-- RegressionTests -->
  </suite> <!-- AllTests -->
</testng-results>
